0 info it worked if it ends with ok
1 verbose cli [ 'node', '/usr/local/bin/npm', 'publish' ]
2 info using npm@1.4.28
3 info using node@v0.10.32
4 verbose publish [ '.' ]
5 verbose cache add [ '.', null ]
6 verbose cache add name=undefined spec="." args=[".",null]
7 verbose parsed url { protocol: null,
7 verbose parsed url   slashes: null,
7 verbose parsed url   auth: null,
7 verbose parsed url   host: null,
7 verbose parsed url   port: null,
7 verbose parsed url   hostname: null,
7 verbose parsed url   hash: null,
7 verbose parsed url   search: null,
7 verbose parsed url   query: null,
7 verbose parsed url   pathname: '.',
7 verbose parsed url   path: '.',
7 verbose parsed url   href: '.' }
8 silly lockFile 3a52ce78- .
9 verbose lock . /Users/dirkdunn/.npm/3a52ce78-.lock
10 verbose tar pack [ '/Users/dirkdunn/.npm/romanmd5/1.0.0/package.tgz', '.' ]
11 verbose tarball /Users/dirkdunn/.npm/romanmd5/1.0.0/package.tgz
12 verbose folder .
13 info prepublish romanmd5@1.0.0
14 silly lockFile 1f1177db-tar tar://.
15 verbose lock tar://. /Users/dirkdunn/.npm/1f1177db-tar.lock
16 silly lockFile 566ee2b6-n-npm-romanmd5-1-0-0-package-tgz tar:///Users/dirkdunn/.npm/romanmd5/1.0.0/package.tgz
17 verbose lock tar:///Users/dirkdunn/.npm/romanmd5/1.0.0/package.tgz /Users/dirkdunn/.npm/566ee2b6-n-npm-romanmd5-1-0-0-package-tgz.lock
18 silly lockFile 1f1177db-tar tar://.
19 silly lockFile 1f1177db-tar tar://.
20 silly lockFile 566ee2b6-n-npm-romanmd5-1-0-0-package-tgz tar:///Users/dirkdunn/.npm/romanmd5/1.0.0/package.tgz
21 silly lockFile 566ee2b6-n-npm-romanmd5-1-0-0-package-tgz tar:///Users/dirkdunn/.npm/romanmd5/1.0.0/package.tgz
22 silly lockFile 528501bb-kdunn-npm-romanmd5-1-0-0-package /Users/dirkdunn/.npm/romanmd5/1.0.0/package
23 verbose lock /Users/dirkdunn/.npm/romanmd5/1.0.0/package /Users/dirkdunn/.npm/528501bb-kdunn-npm-romanmd5-1-0-0-package.lock
24 silly lockFile 528501bb-kdunn-npm-romanmd5-1-0-0-package /Users/dirkdunn/.npm/romanmd5/1.0.0/package
25 silly lockFile 528501bb-kdunn-npm-romanmd5-1-0-0-package /Users/dirkdunn/.npm/romanmd5/1.0.0/package
26 silly lockFile 3a52ce78- .
27 silly lockFile 3a52ce78- .
28 silly publish { name: 'romanmd5',
28 silly publish   version: '1.0.0',
28 silly publish   description: 'A super cool encryption which uses ROT13 and MD5 to extra encrypt your data.',
28 silly publish   main: 'romanmd5.js',
28 silly publish   scripts: { test: 'echo "Error: no test specified" && exit 1' },
28 silly publish   repository: { type: 'git', url: 'https://github.com/dirkdunn/romanMD5.git' },
28 silly publish   keywords: [ 'MD5', 'Rot13', 'Encryption', 'Encrypt' ],
28 silly publish   author:
28 silly publish    { name: 'Dirk Dunn',
28 silly publish      email: 'dirkdunn91@gmail.com',
28 silly publish      url: 'http://dirkdunn.com' },
28 silly publish   license: 'ISC',
28 silly publish   bugs: { url: 'https://github.com/dirkdunn/romanMD5/issues' },
28 silly publish   homepage: 'https://github.com/dirkdunn/romanMD5',
28 silly publish   readme: '# romanMD5\nA super cool encryption which uses ROT13 and MD5 to extra encrypt your data.\n',
28 silly publish   readmeFilename: 'README.md',
28 silly publish   gitHead: 'aa8885be5144e81c9d36dccff753c052b8e9eb6a',
28 silly publish   _id: 'romanmd5@1.0.0',
28 silly publish   _shasum: '58c7248dd7dfd21f0101af17c274b2e7590079c0',
28 silly publish   _from: '.' }
29 verbose request where is /romanmd5
30 verbose request registry https://registry.npmjs.org/
31 verbose request id 289485788c21fd46
32 verbose url raw /romanmd5
33 verbose url resolving [ 'https://registry.npmjs.org/', './romanmd5' ]
34 verbose url resolved https://registry.npmjs.org/romanmd5
35 verbose request where is https://registry.npmjs.org/romanmd5
36 info trying registry request attempt 1 at 19:11:34
37 http PUT https://registry.npmjs.org/romanmd5
38 http 403 https://registry.npmjs.org/romanmd5
39 verbose headers { date: 'Sat, 21 Mar 2015 23:11:34 GMT',
39 verbose headers   server: 'CouchDB/1.5.0 (Erlang OTP/R16B03)',
39 verbose headers   'content-type': 'application/json',
39 verbose headers   'cache-control': 'max-age=60',
39 verbose headers   'content-length': '2446',
39 verbose headers   'accept-ranges': 'bytes',
39 verbose headers   via: '1.1 varnish',
39 verbose headers   'x-served-by': 'cache-iad2142-IAD',
39 verbose headers   'x-cache': 'MISS',
39 verbose headers   'x-cache-hits': '0',
39 verbose headers   'x-timer': 'S1426979494.756880,VS0,VE158',
39 verbose headers   'keep-alive': 'timeout=10, max=50',
39 verbose headers   connection: 'Keep-Alive' }
40 error publish Failed PUT 403
41 error Error: forbidden cannot modify pre-existing version: 1.0.0
41 error old={"name":"romanmd5","version":"1.0.0","description":"A super cool encryption which uses ROT13 and MD5 to extra encrypt your data.","main":"romanmd5.js","scripts":{"test":"echo \"Error: no test specified\" && exit 1"},"repository":{"type":"git","url":"https://github.com/dirkdunn/romanMD5.git"},"keywords":["MD5","Rot13","Encryption","Encrypt"],"author":{"name":"Dirk Dunn","email":"dirkdunn91@gmail.com","url":"http://dirkdunn.com"},"license":"ISC","bugs":{"url":"https://github.com/dirkdunn/romanMD5/issues"},"homepage":"https://github.com/dirkdunn/romanMD5","gitHead":"39717587672f22192c1df7f76187f73db778ad25","_id":"romanmd5@1.0.0","_shasum":"b2efbc10154c184edbfbee794282628c37373be5","_from":".","_npmVersion":"1.4.28","_npmUser":{"name":"dirkdunn","email":"dirkdunn91@gmail.com"},"maintainers":[{"name":"dirkdunn","email":"dirkdunn91@gmail.com"}],"dist":{"shasum":"b2efbc10154c184edbfbee794282628c37373be5","tarball":"http://registry.npmjs.org/romanmd5/-/romanmd5-1.0.0.tgz"}}
41 error new={"name":"romanmd5","version":"1.0.0","description":"A super cool encryption which uses ROT13 and MD5 to extra encrypt your data.","main":"romanmd5.js","scripts":{"test":"echo \"Error: no test specified\" && exit 1"},"repository":{"type":"git","url":"https://github.com/dirkdunn/romanMD5.git"},"keywords":["MD5","Rot13","Encryption","Encrypt"],"author":{"name":"Dirk Dunn","email":"dirkdunn91@gmail.com","url":"http://dirkdunn.com"},"license":"ISC","bugs":{"url":"https://github.com/dirkdunn/romanMD5/issues"},"homepage":"https://github.com/dirkdunn/romanMD5","readme":"# romanMD5\u000aA super cool encryption which uses ROT13 and MD5 to extra encrypt your data.\u000a","readmeFilename":"README.md","gitHead":"aa8885be5144e81c9d36dccff753c052b8e9eb6a","_id":"romanmd5@1.0.0","_shasum":"58c7248dd7dfd21f0101af17c274b2e7590079c0","_from":".","_npmVersion":"1.4.28","_npmUser":{"name":"dirkdunn","email":"dirkdunn91@gmail.com"},"maintainers":[{"name":"dirkdunn","email":"dirkdunn91@gmail.com"}],"dist":{"shasum":"58c7248dd7dfd21f0101af17c274b2e7590079c0","tarball":"http://registry.npmjs.org/romanmd5/-/romanmd5-1.0.0.tgz"}}: romanmd5
41 error     at RegClient.<anonymous> (/usr/local/lib/node_modules/npm/node_modules/npm-registry-client/lib/request.js:308:14)
41 error     at Request._callback (/usr/local/lib/node_modules/npm/node_modules/npm-registry-client/lib/request.js:246:65)
41 error     at Request.self.callback (/usr/local/lib/node_modules/npm/node_modules/request/request.js:236:22)
41 error     at Request.emit (events.js:98:17)
41 error     at Request.<anonymous> (/usr/local/lib/node_modules/npm/node_modules/request/request.js:1142:14)
41 error     at Request.emit (events.js:117:20)
41 error     at IncomingMessage.<anonymous> (/usr/local/lib/node_modules/npm/node_modules/request/request.js:1096:12)
41 error     at IncomingMessage.emit (events.js:117:20)
41 error     at _stream_readable.js:943:16
41 error     at process._tickCallback (node.js:419:13)
42 error If you need help, you may report this *entire* log,
42 error including the npm and node versions, at:
42 error     <http://github.com/npm/npm/issues>
43 error System Darwin 14.1.0
44 error command "node" "/usr/local/bin/npm" "publish"
45 error cwd /Users/dirkdunn/romanmd5
46 error node -v v0.10.32
47 error npm -v 1.4.28
48 verbose exit [ 1, true ]
